<?xml version="1.0" encoding="UTF-8"?>
<!-- Generated by org.testng.reporters.JUnitReportReporter -->
<testsuite skipped="1" hostname="sureerat-ThinkPad-T470" name="G3SnowboardShopTest.STC_G03_Automation_Testing" tests="2" failures="0" timestamp="26 May 2019 13:16:54 GMT" time="48.176" errors="0">
  <testcase name="TC_5_1" time="48.176" classname="G3SnowboardShopTest.STC_G03_Automation_Testing"/>
  <testcase name="TC_4_2" classname="G3SnowboardShopTest.STC_G03_Automation_Testing">
    <skipped/>
  </testcase> <!-- TC_4_2 -->
</testsuite> <!-- G3SnowboardShopTest.STC_G03_Automation_Testing -->
