<?xml version="1.0" encoding="UTF-8"?>
<!-- Generated by org.testng.reporters.JUnitReportReporter -->
<testsuite skipped="0" hostname="sureerat-ThinkPad-T470" name="G3SnowboardShopTest.LoginPageClassTest" tests="1" failures="0" timestamp="17 May 2019 21:19:31 GMT" time="4.932" errors="0">
  <testcase name="login" time="4.932" classname="G3SnowboardShopTest.LoginPageClassTest"/>
</testsuite> <!-- G3SnowboardShopTest.LoginPageClassTest -->
