<?xml version="1.0" encoding="UTF-8"?>
<!-- Generated by org.testng.reporters.JUnitReportReporter -->
<testsuite skipped="0" hostname="sureerat-ThinkPad-T470" name="G3SnowboardShopTest.LoginTest_G3_2" tests="10" failures="0" timestamp="22 May 2019 19:52:46 GMT" time="94.655" errors="0">
  <testcase name="TC_2_2" time="9.220" classname="G3SnowboardShopTest.LoginTest_G3_2"/>
  <testcase name="TC_2_3_2_4" time="10.269" classname="G3SnowboardShopTest.LoginTest_G3_2"/>
  <testcase name="TC_2_5" time="11.045" classname="G3SnowboardShopTest.LoginTest_G3_2"/>
  <testcase name="TC_2_3_2_4" time="8.878" classname="G3SnowboardShopTest.LoginTest_G3_2"/>
  <testcase name="TC_2_2" time="9.870" classname="G3SnowboardShopTest.LoginTest_G3_2"/>
  <testcase name="TC_2_3_2_4" time="8.866" classname="G3SnowboardShopTest.LoginTest_G3_2"/>
  <testcase name="TC_2_2" time="9.718" classname="G3SnowboardShopTest.LoginTest_G3_2"/>
  <testcase name="TC_2_3_2_4" time="8.846" classname="G3SnowboardShopTest.LoginTest_G3_2"/>
  <testcase name="TC_2_1" time="9.458" classname="G3SnowboardShopTest.LoginTest_G3_2"/>
  <testcase name="TC_2_2" time="8.485" classname="G3SnowboardShopTest.LoginTest_G3_2"/>
</testsuite> <!-- G3SnowboardShopTest.LoginTest_G3_2 -->
