<?xml version="1.0" encoding="UTF-8"?>
<!-- Generated by org.testng.reporters.JUnitReportReporter -->
<testsuite skipped="0" hostname="sureerat-ThinkPad-T470" name="selemiumTest.test1" tests="1" failures="0" timestamp="26 May 2019 14:16:35 GMT" time="0.007" errors="0">
  <testcase name="f" time="0.007" classname="selemiumTest.test1"/>
</testsuite> <!-- selemiumTest.test1 -->
